TN:
SF:server/src/app.js
FN:28,(anonymous_0)
FNF:1
FNH:1
FNDA:1,(anonymous_0)
DA:10,1
DA:11,1
DA:13,1
DA:14,1
DA:15,1
DA:16,1
DA:21,1
DA:22,1
DA:28,1
DA:29,1
DA:30,1
LF:11
LH:11
BRDA:11,0,0,1
BRDA:11,0,1,1
BRF:2
BRH:2
end_of_record
TN:
SF:server/src/controllers/auth.controller.js
FN:8,(anonymous_0)
FN:60,(anonymous_1)
FN:94,(anonymous_2)
FN:104,(anonymous_3)
FN:125,(anonymous_4)
FNF:5
FNH:0
FNDA:0,(anonymous_0)
FNDA:0,(anonymous_1)
FNDA:0,(anonymous_2)
FNDA:0,(anonymous_3)
FNDA:0,(anonymous_4)
DA:8,1
DA:9,0
DA:10,0
DA:12,0
DA:13,0
DA:15,0
DA:16,0
DA:18,0
DA:19,0
DA:22,0
DA:23,0
DA:24,0
DA:27,0
DA:28,0
DA:30,0
DA:32,0
DA:39,0
DA:40,0
DA:41,0
DA:43,0
DA:52,0
DA:55,0
DA:56,0
DA:60,1
DA:62,0
DA:63,0
DA:65,0
DA:66,0
DA:67,0
DA:69,0
DA:70,0
DA:73,0
DA:74,0
DA:75,0
DA:78,0
DA:80,0
DA:88,0
DA:89,0
DA:94,1
DA:95,0
DA:96,0
DA:97,0
DA:104,1
DA:105,0
DA:106,0
DA:107,0
DA:109,0
DA:110,0
DA:113,0
DA:114,0
DA:118,0
DA:120,0
DA:121,0
DA:125,1
DA:126,0
DA:127,0
DA:128,0
DA:129,0
DA:132,0
DA:139,0
DA:140,0
LF:61
LH:5
BRDA:9,0,0,0
BRDA:9,0,1,0
BRDA:15,1,0,0
BRDA:15,1,1,0
BRDA:15,2,0,0
BRDA:15,2,1,0
BRDA:15,2,2,0
BRDA:18,3,0,0
BRDA:18,3,1,0
BRDA:23,4,0,0
BRDA:23,4,1,0
BRDA:39,5,0,0
BRDA:39,5,1,0
BRDA:62,6,0,0
BRDA:62,6,1,0
BRDA:69,7,0,0
BRDA:69,7,1,0
BRDA:74,8,0,0
BRDA:74,8,1,0
BRDA:109,9,0,0
BRDA:109,9,1,0
BRDA:128,10,0,0
BRDA:128,10,1,0
BRF:23
BRH:0
end_of_record
TN:
SF:server/src/controllers/post.controller.js
FN:9,(anonymous_0)
FN:20,(anonymous_1)
FN:42,(anonymous_2)
FN:56,(anonymous_3)
FN:82,(anonymous_4)
FN:129,(anonymous_5)
FN:177,(anonymous_6)
FNF:7
FNH:5
FNDA:0,(anonymous_0)
FNDA:4,(anonymous_1)
FNDA:0,(anonymous_2)
FNDA:3,(anonymous_3)
FNDA:2,(anonymous_4)
FNDA:3,(anonymous_5)
FNDA:4,(anonymous_6)
DA:9,1
DA:10,0
DA:11,0
DA:12,0
DA:13,0
DA:15,0
DA:16,0
DA:20,1
DA:21,4
DA:22,4
DA:23,4
DA:24,4
DA:26,4
DA:27,0
DA:30,4
DA:32,4
DA:35,4
DA:37,0
DA:38,0
DA:42,1
DA:43,0
DA:44,0
DA:46,0
DA:48,0
DA:50,0
DA:51,0
DA:56,1
DA:57,3
DA:58,3
DA:60,3
DA:61,1
DA:64,2
DA:66,2
DA:67,1
DA:70,1
DA:75,1
DA:77,0
DA:78,0
DA:82,1
DA:83,2
DA:84,2
DA:85,2
DA:87,2
DA:88,1
DA:91,1
DA:94,1
DA:95,0
DA:96,0
DA:99,1
DA:100,1
DA:101,0
DA:108,1
DA:117,1
DA:120,1
DA:123,0
DA:124,0
DA:129,1
DA:130,3
DA:131,3
DA:132,3
DA:133,3
DA:134,1
DA:137,2
DA:138,2
DA:139,0
DA:142,2
DA:143,1
DA:146,1
DA:147,1
DA:148,0
DA:149,0
DA:152,1
DA:154,1
DA:170,1
DA:172,0
DA:173,0
DA:177,1
DA:178,4
DA:179,4
DA:181,4
DA:182,1
DA:185,3
DA:186,3
DA:187,1
DA:190,2
DA:191,1
DA:194,1
DA:195,0
DA:196,0
DA:197,0
DA:199,0
DA:203,1
DA:205,1
DA:211,0
DA:212,0
LF:95
LH:62
BRDA:22,0,0,2
BRDA:22,1,0,2
BRDA:26,2,0,0
BRDA:26,2,1,4
BRDA:26,3,0,4
BRDA:26,3,1,4
BRDA:26,3,2,4
BRDA:60,4,0,1
BRDA:60,4,1,2
BRDA:66,5,0,1
BRDA:66,5,1,1
BRDA:87,6,0,1
BRDA:87,6,1,1
BRDA:87,7,0,2
BRDA:87,7,1,1
BRDA:87,7,2,1
BRDA:91,8,0,1
BRDA:91,8,1,0
BRDA:94,9,0,0
BRDA:94,9,1,1
BRDA:100,10,0,0
BRDA:100,10,1,1
BRDA:133,11,0,1
BRDA:133,11,1,2
BRDA:133,12,0,3
BRDA:133,12,1,1
BRDA:133,12,2,1
BRDA:133,12,3,1
BRDA:138,13,0,0
BRDA:138,13,1,2
BRDA:142,14,0,1
BRDA:142,14,1,1
BRDA:147,15,0,0
BRDA:147,15,1,1
BRDA:152,16,0,1
BRDA:152,16,1,0
BRDA:157,17,0,1
BRDA:157,17,1,0
BRDA:158,18,0,1
BRDA:158,18,1,0
BRDA:159,19,0,1
BRDA:159,19,1,1
BRDA:181,20,0,1
BRDA:181,20,1,3
BRDA:186,21,0,1
BRDA:186,21,1,2
BRDA:190,22,0,1
BRDA:190,22,1,1
BRDA:194,23,0,0
BRDA:194,23,1,1
BRF:50
BRH:40
end_of_record
TN:
SF:server/src/lib/cloudinary.js
FNF:0
FNH:0
DA:5,1
DA:8,1
LF:2
LH:2
BRF:0
BRH:0
end_of_record
TN:
SF:server/src/lib/db.js
FN:3,(anonymous_0)
FNF:1
FNH:1
FNDA:1,(anonymous_0)
DA:3,1
DA:4,1
DA:5,1
DA:6,0
DA:8,1
LF:5
LH:4
BRF:0
BRH:0
end_of_record
TN:
SF:server/src/lib/utils.js
FN:5,(anonymous_0)
FN:11,(anonymous_1)
FN:21,(anonymous_2)
FN:27,(anonymous_3)
FNF:4
FNH:1
FNDA:3,(anonymous_0)
FNDA:0,(anonymous_1)
FNDA:0,(anonymous_2)
FNDA:0,(anonymous_3)
DA:3,1
DA:5,1
DA:6,3
DA:11,1
DA:12,0
DA:13,0
DA:21,1
DA:22,0
DA:23,0
DA:24,0
DA:27,1
DA:28,0
DA:29,0
DA:30,0
LF:14
LH:6
BRDA:3,0,0,1
BRDA:3,0,1,1
BRDA:12,1,0,0
BRDA:12,1,1,0
BRDA:12,2,0,0
BRDA:12,2,1,0
BRDA:27,3,0,0
BRDA:27,4,0,0
BRF:8
BRH:2
end_of_record
TN:
SF:server/src/middleware/auth.middleware.js
FN:4,(anonymous_0)
FNF:1
FNH:1
FNDA:19,(anonymous_0)
DA:4,1
DA:5,19
DA:7,19
DA:8,19
DA:9,19
DA:10,19
DA:11,3
DA:14,16
DA:17,16
DA:18,16
DA:19,0
DA:22,16
DA:23,16
DA:24,0
DA:27,16
DA:28,16
DA:30,0
DA:31,0
LF:18
LH:14
BRDA:8,0,0,19
BRDA:8,0,1,0
BRDA:10,1,0,3
BRDA:10,1,1,16
BRDA:10,2,0,19
BRDA:10,2,1,16
BRDA:17,3,0,16
BRDA:17,3,1,16
BRDA:18,4,0,0
BRDA:18,4,1,16
BRDA:23,5,0,0
BRDA:23,5,1,16
BRF:12
BRH:9
end_of_record
TN:
SF:server/src/models/post.model.js
FN:52,(anonymous_0)
FN:70,(anonymous_1)
FNF:2
FNH:1
FNDA:18,(anonymous_0)
FNDA:0,(anonymous_1)
DA:6,1
DA:17,1
DA:52,1
DA:53,18
DA:54,18
DA:55,18
DA:57,18
DA:58,0
DA:59,0
DA:62,18
DA:64,18
DA:67,1
DA:70,1
DA:71,0
DA:72,0
DA:73,0
DA:74,0
LF:17
LH:11
BRF:0
BRH:0
end_of_record
TN:
SF:server/src/models/user.model.js
FN:44,(anonymous_0)
FNF:1
FNH:0
FNDA:0,(anonymous_0)
DA:3,1
DA:42,1
DA:44,1
DA:45,0
DA:46,0
DA:47,0
DA:48,0
LF:7
LH:3
BRF:0
BRH:0
end_of_record
TN:
SF:server/src/routes/auth.route.js
FNF:0
FNH:0
DA:7,1
DA:9,1
DA:10,1
DA:11,1
DA:13,1
DA:15,1
LF:6
LH:6
BRF:0
BRH:0
end_of_record
TN:
SF:server/src/routes/post.route.js
FNF:0
FNH:0
DA:6,1
DA:9,1
DA:10,1
DA:11,1
DA:12,1
DA:14,1
DA:16,1
DA:18,1
LF:8
LH:8
BRF:0
BRH:0
end_of_record
